build/app/intermediates/manifest_merge_blame_file/release/processReleaseMainManifest/manifest-merger-blame-release-report.txt
1<?xml version="1.0" encoding="utf-8"?>
2<manifest xmlns:android="http://schemas.android.com/apk/res/android"
3    package="org.koreanlab.forsalethecell.forsalethecell"
4    android:versionCode="1"
5    android:versionName="1.0.0" >
6
7    <uses-sdk
8        android:minSdkVersion="21"
9        android:targetSdkVersion="35" />
10
11    <uses-permission android:name="android.permission.CAMERA" />
11-->src/main/AndroidManifest.xml:2:5-65
11-->src/main/AndroidManifest.xml:2:22-62
12
13    <uses-feature
13-->src/main/AndroidManifest.xml:3:5-84
14        android:name="android.hardware.camera"
14-->src/main/AndroidManifest.xml:3:19-57
15        android:required="true" />
15-->src/main/AndroidManifest.xml:3:58-81
16    <!--
17         Required to query activities that can process text, see:
18         https://developer.android.com/training/package-visibility and
19         https://developer.android.com/reference/android/content/Intent#ACTION_PROCESS_TEXT.
20
21         In particular, this is used by the Flutter engine in io.flutter.plugin.text.ProcessTextPlugin.
22    -->
23    <queries>
23-->src/main/AndroidManifest.xml:42:5-47:15
24        <intent>
24-->src/main/AndroidManifest.xml:43:9-46:18
25            <action android:name="android.intent.action.PROCESS_TEXT" />
25-->src/main/AndroidManifest.xml:44:13-72
25-->src/main/AndroidManifest.xml:44:21-70
26
27            <data android:mimeType="text/plain" />
27-->src/main/AndroidManifest.xml:45:13-50
27-->src/main/AndroidManifest.xml:45:19-48
28        </intent>
29    </queries>
30
31    <permission
31-->[androidx.core:core:1.13.1] AndroidManifest.xml:22:5-24:47
32        android:name="org.koreanlab.forsalethecell.forsalethecell.DYNAMIC_RECEIVER_NOT_EXPORTED_PERMISSION"
32-->[androidx.core:core:1.13.1] AndroidManifest.xml:23:9-81
33        android:protectionLevel="signature" />
33-->[androidx.core:core:1.13.1] AndroidManifest.xml:24:9-44
34
35    <uses-permission android:name="org.koreanlab.forsalethecell.forsalethecell.DYNAMIC_RECEIVER_NOT_EXPORTED_PERMISSION" /> <!-- Although the *SdkVersion is captured in gradle build files, this is required for non gradle builds -->
35-->[androidx.core:core:1.13.1] AndroidManifest.xml:26:5-97
35-->[androidx.core:core:1.13.1] AndroidManifest.xml:26:22-94
36    <!-- <uses-sdk android:minSdkVersion="14"/> -->
37    <uses-permission android:name="android.permission.ACCESS_NETWORK_STATE" />
37-->[com.google.android.datatransport:transport-backend-cct:2.3.3] AndroidManifest.xml:25:5-79
37-->[com.google.android.datatransport:transport-backend-cct:2.3.3] AndroidManifest.xml:25:22-76
38    <uses-permission android:name="android.permission.INTERNET" />
38-->[com.google.android.datatransport:transport-backend-cct:2.3.3] AndroidManifest.xml:26:5-67
38-->[com.google.android.datatransport:transport-backend-cct:2.3.3] AndroidManifest.xml:26:22-64
39
40    <application
41        android:name="android.app.Application"
41-->src/main/AndroidManifest.xml:7:9-42
42        android:appComponentFactory="androidx.core.app.CoreComponentFactory"
42-->[androidx.core:core:1.13.1] AndroidManifest.xml:28:18-86
43        android:extractNativeLibs="true"
44        android:icon="@mipmap/ic_launcher"
44-->src/main/AndroidManifest.xml:8:9-43
45        android:label="forsalethecell" >
45-->src/main/AndroidManifest.xml:6:9-39
46        <activity
46-->src/main/AndroidManifest.xml:9:9-30:20
47            android:name="org.koreanlab.forsalethecell.forsalethecell.MainActivity"
47-->src/main/AndroidManifest.xml:10:13-41
48            android:configChanges="orientation|keyboardHidden|keyboard|screenSize|smallestScreenSize|locale|layoutDirection|fontScale|screenLayout|density|uiMode"
48-->src/main/AndroidManifest.xml:15:13-163
49            android:exported="true"
49-->src/main/AndroidManifest.xml:11:13-36
50            android:hardwareAccelerated="true"
50-->src/main/AndroidManifest.xml:16:13-47
51            android:launchMode="singleTop"
51-->src/main/AndroidManifest.xml:12:13-43
52            android:taskAffinity=""
52-->src/main/AndroidManifest.xml:13:13-36
53            android:theme="@style/LaunchTheme"
53-->src/main/AndroidManifest.xml:14:13-47
54            android:windowSoftInputMode="adjustResize" >
54-->src/main/AndroidManifest.xml:17:13-55
55
56            <!--
57                 Specifies an Android theme to apply to this Activity as soon as
58                 the Android process has started. This theme is visible to the user
59                 while the Flutter UI initializes. After that, this theme continues
60                 to determine the Window background behind the Flutter UI.
61            -->
62            <meta-data
62-->src/main/AndroidManifest.xml:22:13-25:17
63                android:name="io.flutter.embedding.android.NormalTheme"
63-->src/main/AndroidManifest.xml:23:15-70
64                android:resource="@style/NormalTheme" />
64-->src/main/AndroidManifest.xml:24:15-52
65
66            <intent-filter>
66-->src/main/AndroidManifest.xml:26:13-29:29
67                <action android:name="android.intent.action.MAIN" />
67-->src/main/AndroidManifest.xml:27:17-68
67-->src/main/AndroidManifest.xml:27:25-66
68
69                <category android:name="android.intent.category.LAUNCHER" />
69-->src/main/AndroidManifest.xml:28:17-76
69-->src/main/AndroidManifest.xml:28:27-74
70            </intent-filter>
71        </activity>
72        <!--
73             Don't delete the meta-data below.
74             This is used by the Flutter tool to generate GeneratedPluginRegistrant.java
75        -->
76        <meta-data
76-->src/main/AndroidManifest.xml:33:9-35:33
77            android:name="flutterEmbedding"
77-->src/main/AndroidManifest.xml:34:13-44
78            android:value="2" />
78-->src/main/AndroidManifest.xml:35:13-30
79        <!--
80        Service for holding metadata. Cannot be instantiated.
81        Metadata will be merged from other manifests.
82        -->
83        <service
83-->[androidx.camera:camera-core:1.3.1] AndroidManifest.xml:29:9-33:78
84            android:name="androidx.camera.core.impl.MetadataHolderService"
84-->[androidx.camera:camera-core:1.3.1] AndroidManifest.xml:30:13-75
85            android:enabled="false"
85-->[androidx.camera:camera-core:1.3.1] AndroidManifest.xml:31:13-36
86            android:exported="false" >
86-->[androidx.camera:camera-core:1.3.1] AndroidManifest.xml:32:13-37
87            <meta-data
87-->[androidx.camera:camera-camera2:1.3.1] AndroidManifest.xml:30:13-32:89
88                android:name="androidx.camera.core.impl.MetadataHolderService.DEFAULT_CONFIG_PROVIDER"
88-->[androidx.camera:camera-camera2:1.3.1] AndroidManifest.xml:31:17-103
89                android:value="androidx.camera.camera2.Camera2Config$DefaultProvider" />
89-->[androidx.camera:camera-camera2:1.3.1] AndroidManifest.xml:32:17-86
90        </service>
91
92        <uses-library
92-->[androidx.window:window:1.2.0] AndroidManifest.xml:23:9-25:40
93            android:name="androidx.window.extensions"
93-->[androidx.window:window:1.2.0] AndroidManifest.xml:24:13-54
94            android:required="false" />
94-->[androidx.window:window:1.2.0] AndroidManifest.xml:25:13-37
95        <uses-library
95-->[androidx.window:window:1.2.0] AndroidManifest.xml:26:9-28:40
96            android:name="androidx.window.sidecar"
96-->[androidx.window:window:1.2.0] AndroidManifest.xml:27:13-51
97            android:required="false" />
97-->[androidx.window:window:1.2.0] AndroidManifest.xml:28:13-37
98
99        <service
99-->[com.google.android.gms:play-services-mlkit-barcode-scanning:18.3.0] AndroidManifest.xml:9:9-15:19
100            android:name="com.google.mlkit.common.internal.MlKitComponentDiscoveryService"
100-->[com.google.android.gms:play-services-mlkit-barcode-scanning:18.3.0] AndroidManifest.xml:10:13-91
101            android:directBootAware="true"
101-->[com.google.mlkit:common:18.9.0] AndroidManifest.xml:17:13-43
102            android:exported="false" >
102-->[com.google.android.gms:play-services-mlkit-barcode-scanning:18.3.0] AndroidManifest.xml:11:13-37
103            <meta-data
103-->[com.google.android.gms:play-services-mlkit-barcode-scanning:18.3.0] AndroidManifest.xml:12:13-14:85
104                android:name="com.google.firebase.components:com.google.mlkit.vision.barcode.internal.BarcodeRegistrar"
104-->[com.google.android.gms:play-services-mlkit-barcode-scanning:18.3.0] AndroidManifest.xml:13:17-120
105                android:value="com.google.firebase.components.ComponentRegistrar" />
105-->[com.google.android.gms:play-services-mlkit-barcode-scanning:18.3.0] AndroidManifest.xml:14:17-82
106            <meta-data
106-->[com.google.mlkit:vision-common:17.3.0] AndroidManifest.xml:12:13-14:85
107                android:name="com.google.firebase.components:com.google.mlkit.vision.common.internal.VisionCommonRegistrar"
107-->[com.google.mlkit:vision-common:17.3.0] AndroidManifest.xml:13:17-124
108                android:value="com.google.firebase.components.ComponentRegistrar" />
108-->[com.google.mlkit:vision-common:17.3.0] AndroidManifest.xml:14:17-82
109            <meta-data
109-->[com.google.mlkit:common:18.9.0] AndroidManifest.xml:20:13-22:85
110                android:name="com.google.firebase.components:com.google.mlkit.common.internal.CommonComponentRegistrar"
110-->[com.google.mlkit:common:18.9.0] AndroidManifest.xml:21:17-120
111                android:value="com.google.firebase.components.ComponentRegistrar" />
111-->[com.google.mlkit:common:18.9.0] AndroidManifest.xml:22:17-82
112        </service>
113
114        <provider
114-->[com.google.mlkit:common:18.9.0] AndroidManifest.xml:9:9-13:38
115            android:name="com.google.mlkit.common.internal.MlKitInitProvider"
115-->[com.google.mlkit:common:18.9.0] AndroidManifest.xml:10:13-78
116            android:authorities="org.koreanlab.forsalethecell.forsalethecell.mlkitinitprovider"
116-->[com.google.mlkit:common:18.9.0] AndroidManifest.xml:11:13-69
117            android:exported="false"
117-->[com.google.mlkit:common:18.9.0] AndroidManifest.xml:12:13-37
118            android:initOrder="99" />
118-->[com.google.mlkit:common:18.9.0] AndroidManifest.xml:13:13-35
119
120        <activity
120-->[com.google.android.gms:play-services-base:18.1.0] AndroidManifest.xml:20:9-22:45
121            android:name="com.google.android.gms.common.api.GoogleApiActivity"
121-->[com.google.android.gms:play-services-base:18.1.0] AndroidManifest.xml:20:19-85
122            android:exported="false"
122-->[com.google.android.gms:play-services-base:18.1.0] AndroidManifest.xml:22:19-43
123            android:theme="@android:style/Theme.Translucent.NoTitleBar" />
123-->[com.google.android.gms:play-services-base:18.1.0] AndroidManifest.xml:21:19-78
124
125        <meta-data
125-->[com.google.android.gms:play-services-basement:18.1.0] AndroidManifest.xml:21:9-23:69
126            android:name="com.google.android.gms.version"
126-->[com.google.android.gms:play-services-basement:18.1.0] AndroidManifest.xml:22:13-58
127            android:value="@integer/google_play_services_version" />
127-->[com.google.android.gms:play-services-basement:18.1.0] AndroidManifest.xml:23:13-66
128
129        <provider
129-->[androidx.lifecycle:lifecycle-process:2.7.0] AndroidManifest.xml:24:9-32:20
130            android:name="androidx.startup.InitializationProvider"
130-->[androidx.lifecycle:lifecycle-process:2.7.0] AndroidManifest.xml:25:13-67
131            android:authorities="org.koreanlab.forsalethecell.forsalethecell.androidx-startup"
131-->[androidx.lifecycle:lifecycle-process:2.7.0] AndroidManifest.xml:26:13-68
132            android:exported="false" >
132-->[androidx.lifecycle:lifecycle-process:2.7.0] AndroidManifest.xml:27:13-37
133            <meta-data
133-->[androidx.lifecycle:lifecycle-process:2.7.0] AndroidManifest.xml:29:13-31:52
134                android:name="androidx.lifecycle.ProcessLifecycleInitializer"
134-->[androidx.lifecycle:lifecycle-process:2.7.0] AndroidManifest.xml:30:17-78
135                android:value="androidx.startup" />
135-->[androidx.lifecycle:lifecycle-process:2.7.0] AndroidManifest.xml:31:17-49
136            <meta-data
136-->[androidx.profileinstaller:profileinstaller:1.3.1] AndroidManifest.xml:29:13-31:52
137                android:name="androidx.profileinstaller.ProfileInstallerInitializer"
137-->[androidx.profileinstaller:profileinstaller:1.3.1] AndroidManifest.xml:30:17-85
138                android:value="androidx.startup" />
138-->[androidx.profileinstaller:profileinstaller:1.3.1] AndroidManifest.xml:31:17-49
139        </provider>
140
141        <receiver
141-->[androidx.profileinstaller:profileinstaller:1.3.1] AndroidManifest.xml:34:9-52:20
142            android:name="androidx.profileinstaller.ProfileInstallReceiver"
142-->[androidx.profileinstaller:profileinstaller:1.3.1] AndroidManifest.xml:35:13-76
143            android:directBootAware="false"
143-->[androidx.profileinstaller:profileinstaller:1.3.1] AndroidManifest.xml:36:13-44
144            android:enabled="true"
144-->[androidx.profileinstaller:profileinstaller:1.3.1] AndroidManifest.xml:37:13-35
145            android:exported="true"
145-->[androidx.profileinstaller:profileinstaller:1.3.1] AndroidManifest.xml:38:13-36
146            android:permission="android.permission.DUMP" >
146-->[androidx.profileinstaller:profileinstaller:1.3.1] AndroidManifest.xml:39:13-57
147            <intent-filter>
147-->[androidx.profileinstaller:profileinstaller:1.3.1] AndroidManifest.xml:40:13-42:29
148                <action android:name="androidx.profileinstaller.action.INSTALL_PROFILE" />
148-->[androidx.profileinstaller:profileinstaller:1.3.1] AndroidManifest.xml:41:17-91
148-->[androidx.profileinstaller:profileinstaller:1.3.1] AndroidManifest.xml:41:25-88
149            </intent-filter>
150            <intent-filter>
150-->[androidx.profileinstaller:profileinstaller:1.3.1] AndroidManifest.xml:43:13-45:29
151                <action android:name="androidx.profileinstaller.action.SKIP_FILE" />
151-->[androidx.profileinstaller:profileinstaller:1.3.1] AndroidManifest.xml:44:17-85
151-->[androidx.profileinstaller:profileinstaller:1.3.1] AndroidManifest.xml:44:25-82
152            </intent-filter>
153            <intent-filter>
153-->[androidx.profileinstaller:profileinstaller:1.3.1] AndroidManifest.xml:46:13-48:29
154                <action android:name="androidx.profileinstaller.action.SAVE_PROFILE" />
154-->[androidx.profileinstaller:profileinstaller:1.3.1] AndroidManifest.xml:47:17-88
154-->[androidx.profileinstaller:profileinstaller:1.3.1] AndroidManifest.xml:47:25-85
155            </intent-filter>
156            <intent-filter>
156-->[androidx.profileinstaller:profileinstaller:1.3.1] AndroidManifest.xml:49:13-51:29
157                <action android:name="androidx.profileinstaller.action.BENCHMARK_OPERATION" />
157-->[androidx.profileinstaller:profileinstaller:1.3.1] AndroidManifest.xml:50:17-95
157-->[androidx.profileinstaller:profileinstaller:1.3.1] AndroidManifest.xml:50:25-92
158            </intent-filter>
159        </receiver>
160
161        <service
161-->[com.google.android.datatransport:transport-backend-cct:2.3.3] AndroidManifest.xml:29:9-35:19
162            android:name="com.google.android.datatransport.runtime.backends.TransportBackendDiscovery"
162-->[com.google.android.datatransport:transport-backend-cct:2.3.3] AndroidManifest.xml:30:13-103
163            android:exported="false" >
163-->[com.google.android.datatransport:transport-backend-cct:2.3.3] AndroidManifest.xml:31:13-37
164            <meta-data
164-->[com.google.android.datatransport:transport-backend-cct:2.3.3] AndroidManifest.xml:32:13-34:39
165                android:name="backend:com.google.android.datatransport.cct.CctBackendFactory"
165-->[com.google.android.datatransport:transport-backend-cct:2.3.3] AndroidManifest.xml:33:17-94
166                android:value="cct" />
166-->[com.google.android.datatransport:transport-backend-cct:2.3.3] AndroidManifest.xml:34:17-36
167        </service>
168        <service
168-->[com.google.android.datatransport:transport-runtime:2.2.6] AndroidManifest.xml:26:9-30:19
169            android:name="com.google.android.datatransport.runtime.scheduling.jobscheduling.JobInfoSchedulerService"
169-->[com.google.android.datatransport:transport-runtime:2.2.6] AndroidManifest.xml:27:13-117
170            android:exported="false"
170-->[com.google.android.datatransport:transport-runtime:2.2.6] AndroidManifest.xml:28:13-37
171            android:permission="android.permission.BIND_JOB_SERVICE" >
171-->[com.google.android.datatransport:transport-runtime:2.2.6] AndroidManifest.xml:29:13-69
172        </service>
173
174        <receiver
174-->[com.google.android.datatransport:transport-runtime:2.2.6] AndroidManifest.xml:32:9-34:40
175            android:name="com.google.android.datatransport.runtime.scheduling.jobscheduling.AlarmManagerSchedulerBroadcastReceiver"
175-->[com.google.android.datatransport:transport-runtime:2.2.6] AndroidManifest.xml:33:13-132
176            android:exported="false" />
176-->[com.google.android.datatransport:transport-runtime:2.2.6] AndroidManifest.xml:34:13-37
177    </application>
178
179</manifest>